Mar 01, 2017 9:50:54 AM org.apache.catalina.startup.VersionLoggerListener log
INFO: Server version:        Apache Tomcat/7.0.57
Mar 01, 2017 9:50:54 AM org.apache.catalina.startup.VersionLoggerListener log
INFO: Server built:          Nov 3 2014 08:39:16 UTC
Mar 01, 2017 9:50:54 AM org.apache.catalina.startup.VersionLoggerListener log
INFO: Server number:         7.0.57.0
Mar 01, 2017 9:50:54 AM org.apache.catalina.startup.VersionLoggerListener log
INFO: OS Name:               Linux
Mar 01, 2017 9:50:54 AM org.apache.catalina.startup.VersionLoggerListener log
INFO: OS Version:            2.6.32-358.el6.x86_64
Mar 01, 2017 9:50:54 AM org.apache.catalina.startup.VersionLoggerListener log
INFO: Architecture:          amd64
Mar 01, 2017 9:50:54 AM org.apache.catalina.startup.VersionLoggerListener log
INFO: JAVA_HOME:             /usr/java/jdk1.8.0_71/jre
Mar 01, 2017 9:50:54 AM org.apache.catalina.startup.VersionLoggerListener log
INFO: JVM Version:           1.8.0_71-b15
Mar 01, 2017 9:50:54 AM org.apache.catalina.startup.VersionLoggerListener log
INFO: JVM Vendor:            Oracle Corporation
Mar 01, 2017 9:50:54 AM org.apache.catalina.startup.VersionLoggerListener log
INFO: CATALINA_BASE:         /NCAT/NCAT/server/apache-tomcat-7.0.57
Mar 01, 2017 9:50:54 AM org.apache.catalina.startup.VersionLoggerListener log
INFO: CATALINA_HOME:         /NCAT/NCAT/server/apache-tomcat-7.0.57
Mar 01, 2017 9:50:54 AM org.apache.catalina.startup.VersionLoggerListener log
INFO: Command line argument: -Djava.util.logging.config.file=/NCAT/NCAT/server/apache-tomcat-7.0.57/conf/logging.properties
Mar 01, 2017 9:50:54 AM org.apache.catalina.startup.VersionLoggerListener log
INFO: Command line argument: -Djava.util.logging.manager=org.apache.juli.ClassLoaderLogManager
Mar 01, 2017 9:50:54 AM org.apache.catalina.startup.VersionLoggerListener log
INFO: Command line argument: -Djava.endorsed.dirs=/NCAT/NCAT/server/apache-tomcat-7.0.57/endorsed
Mar 01, 2017 9:50:54 AM org.apache.catalina.startup.VersionLoggerListener log
INFO: Command line argument: -Dcatalina.base=/NCAT/NCAT/server/apache-tomcat-7.0.57
Mar 01, 2017 9:50:54 AM org.apache.catalina.startup.VersionLoggerListener log
INFO: Command line argument: -Dcatalina.home=/NCAT/NCAT/server/apache-tomcat-7.0.57
Mar 01, 2017 9:50:54 AM org.apache.catalina.startup.VersionLoggerListener log
INFO: Command line argument: -Djava.io.tmpdir=/NCAT/NCAT/server/apache-tomcat-7.0.57/temp
Mar 01, 2017 9:50:54 AM org.apache.catalina.core.AprLifecycleListener lifecycleEvent
INFO: The APR based Apache Tomcat Native library which allows optimal performance in production environments was not found on the java.library.path: /usr/java/packages/lib/amd64:/usr/lib64:/lib64:/lib:/usr/lib
Mar 01, 2017 9:50:54 AM org.apache.coyote.AbstractProtocol init
INFO: Initializing ProtocolHandler ["http-bio-8280"]
Mar 01, 2017 9:50:54 AM org.apache.catalina.startup.Catalina load
INFO: Initialization processed in 895 ms
Mar 01, 2017 9:50:54 AM org.apache.catalina.core.StandardService startInternal
INFO: Starting service Catalina
Mar 01, 2017 9:50:54 AM org.apache.catalina.core.StandardEngine startInternal
INFO: Starting Servlet Engine: Apache Tomcat/7.0.57
Mar 01, 2017 9:50:54 AM org.apache.catalina.startup.HostConfig deployWAR
INFO: Deploying web application archive /NCAT/NCAT/server/apache-tomcat-7.0.57/webapps/ncat-ui.war
Mar 01, 2017 9:50:54 AM org.apache.catalina.loader.WebappClassLoader validateJarFile
INFO: validateJarFile(/NCAT/NCAT/server/apache-tomcat-7.0.57/webapps/ncat-ui/WEB-INF/lib/el-api-2.2.jar) - jar not loaded. See Servlet Spec 3.0, section 10.7.2. Offending class: javax/el/Expression.class
Mar 01, 2017 9:50:54 AM org.apache.catalina.loader.WebappClassLoader validateJarFile
INFO: validateJarFile(/NCAT/NCAT/server/apache-tomcat-7.0.57/webapps/ncat-ui/WEB-INF/lib/javax.servlet-api-3.0.1.jar) - jar not loaded. See Servlet Spec 3.0, section 10.7.2. Offending class: javax/servlet/Servlet.class
Mar 01, 2017 9:50:54 AM org.apache.catalina.loader.WebappClassLoader validateJarFile
INFO: validateJarFile(/NCAT/NCAT/server/apache-tomcat-7.0.57/webapps/ncat-ui/WEB-INF/lib/jsp-api-2.1.jar) - jar not loaded. See Servlet Spec 3.0, section 10.7.2. Offending class: javax/el/Expression.class
Mar 01, 2017 9:50:59 AM com.sun.faces.config.ConfigureListener contextInitialized
INFO: Initializing Mojarra 2.2.10 ( 20150205-0906 https://svn.java.net/svn/mojarra~svn/tags/2.2.10@14334) for context '/ncat-ui'
Mar 01, 2017 9:50:59 AM com.sun.faces.spi.InjectionProviderFactory createInstance
INFO: JSF1048: PostConstruct/PreDestroy annotations present.  ManagedBeans methods marked with these annotations will have said annotations processed.
Mar 01, 2017 9:51:00 AM org.primefaces.webapp.PostConstructApplicationEventListener processEvent
INFO: Running on PrimeFaces 5.1
Mar 01, 2017 9:51:00 AM org.apache.catalina.startup.HostConfig deployWAR
INFO: Deployment of web application archive /NCAT/NCAT/server/apache-tomcat-7.0.57/webapps/ncat-ui.war has finished in 5,785 ms
Mar 01, 2017 9:51:00 AM org.apache.catalina.startup.HostConfig deployDirectory
INFO: Deploying web application directory /NCAT/NCAT/server/apache-tomcat-7.0.57/webapps/examples
Mar 01, 2017 9:51:00 AM org.apache.catalina.startup.HostConfig deployDirectory
INFO: Deployment of web application directory /NCAT/NCAT/server/apache-tomcat-7.0.57/webapps/examples has finished in 184 ms
Mar 01, 2017 9:51:00 AM org.apache.catalina.startup.HostConfig deployDirectory
INFO: Deploying web application directory /NCAT/NCAT/server/apache-tomcat-7.0.57/webapps/ROOT
Mar 01, 2017 9:51:00 AM org.apache.catalina.startup.HostConfig deployDirectory
INFO: Deployment of web application directory /NCAT/NCAT/server/apache-tomcat-7.0.57/webapps/ROOT has finished in 32 ms
Mar 01, 2017 9:51:00 AM org.apache.catalina.startup.HostConfig deployDirectory
INFO: Deploying web application directory /NCAT/NCAT/server/apache-tomcat-7.0.57/webapps/host-manager
Mar 01, 2017 9:51:00 AM org.apache.catalina.startup.HostConfig deployDirectory
INFO: Deployment of web application directory /NCAT/NCAT/server/apache-tomcat-7.0.57/webapps/host-manager has finished in 44 ms
Mar 01, 2017 9:51:00 AM org.apache.catalina.startup.HostConfig deployDirectory
INFO: Deploying web application directory /NCAT/NCAT/server/apache-tomcat-7.0.57/webapps/manager
Mar 01, 2017 9:51:00 AM org.apache.catalina.startup.HostConfig deployDirectory
INFO: Deployment of web application directory /NCAT/NCAT/server/apache-tomcat-7.0.57/webapps/manager has finished in 37 ms
Mar 01, 2017 9:51:00 AM org.apache.catalina.startup.HostConfig deployDirectory
INFO: Deploying web application directory /NCAT/NCAT/server/apache-tomcat-7.0.57/webapps/docs
Mar 01, 2017 9:51:00 AM org.apache.catalina.startup.HostConfig deployDirectory
INFO: Deployment of web application directory /NCAT/NCAT/server/apache-tomcat-7.0.57/webapps/docs has finished in 26 ms
Mar 01, 2017 9:51:00 AM org.apache.coyote.AbstractProtocol start
INFO: Starting ProtocolHandler ["http-bio-8280"]
Mar 01, 2017 9:51:00 AM org.apache.catalina.startup.Catalina start
INFO: Server startup in 6219 ms
Mar 01, 2017 11:00:59 AM com.sun.faces.application.view.ViewScopeManager <init>
INFO: CDI @ViewScoped bean functionality unavailable
